[debug] [2023-10-01T05:39:03.050Z] ----------------------------------------------------------------------
[debug] [2023-10-01T05:39:03.053Z] Command:       C:\Program Files\nodejs\node.exe C:\Users\Computer Solution\AppData\Roaming\npm\node_modules\firebase-tools\lib\bin\firebase.js login --reauth
[debug] [2023-10-01T05:39:03.054Z] CLI Version:   12.6.1
[debug] [2023-10-01T05:39:03.055Z] Platform:      win32
[debug] [2023-10-01T05:39:03.055Z] Node Version:  v16.17.0
[debug] [2023-10-01T05:39:03.057Z] Time:          Sun Oct 01 2023 11:39:03 GMT+0600 (Bangladesh Standard Time)
[debug] [2023-10-01T05:39:03.057Z] ----------------------------------------------------------------------
[debug] 
[info] 
[info] Visit this URL on this device to log in:
[info] https://accounts.google.com/o/oauth2/auth?client_id=563584335869-fgrhgmd47bqnekij5i8b5pr03ho849e6.apps.googleusercontent.com&scope=email%20openid%20https%3A%2F%2Fwww.googleapis.com%2Fauth%2Fcloudplatformprojects.readonly%20https%3A%2F%2Fwww.googleapis.com%2Fauth%2Ffirebase%20https%3A%2F%2Fwww.googleapis.com%2Fauth%2Fcloud-platform&response_type=code&state=1032838319&redirect_uri=http%3A%2F%2Flocalhost%3A9005&login_hint=ommesalma858%40gmail.com
[info] 
[info] Waiting for authentication...
[debug] [2023-10-01T05:43:04.671Z] ----------------------------------------------------------------------
[debug] [2023-10-01T05:43:04.676Z] Command:       C:\Program Files\nodejs\node.exe C:\Users\Computer Solution\AppData\Roaming\npm\node_modules\firebase-tools\lib\bin\firebase.js init
[debug] [2023-10-01T05:43:04.677Z] CLI Version:   12.6.1
[debug] [2023-10-01T05:43:04.677Z] Platform:      win32
[debug] [2023-10-01T05:43:04.678Z] Node Version:  v16.17.0
[debug] [2023-10-01T05:43:04.712Z] Time:          Sun Oct 01 2023 11:43:04 GMT+0600 (Bangladesh Standard Time)
[debug] [2023-10-01T05:43:04.712Z] ----------------------------------------------------------------------
[debug] 
[debug] [2023-10-01T05:43:04.729Z] > command requires scopes: ["email","openid","https://www.googleapis.com/auth/cloudplatformprojects.readonly","https://www.googleapis.com/auth/firebase","https://www.googleapis.com/auth/cloud-platform"]
[debug] [2023-10-01T05:43:04.730Z] > authorizing via signed-in user (ommesalma858@gmail.com)
[info] 
     ######## #### ########  ######## ########     ###     ######  ########
     ##        ##  ##     ## ##       ##     ##  ##   ##  ##       ##
     ######    ##  ########  ######   ########  #########  ######  ######
     ##        ##  ##    ##  ##       ##     ## ##     ##       ## ##
     ##       #### ##     ## ######## ########  ##     ##  ######  ########

You're about to initialize a Firebase project in this directory:

  C:\projects\hello-bank-client

Before we get started, keep in mind:

  * You are currently outside your home directory

[info] 
=== Project Setup
[info] 
[info] First, let's associate this project directory with a Firebase project.
[info] You can create multiple project aliases by running firebase use --add, 
[info] but for now we'll just set up a default project.
[info] 
[debug] [2023-10-01T05:43:13.279Z] > refreshing access token with scopes: []
[debug] [2023-10-01T05:43:13.283Z] >>> [apiv2][query] POST https://www.googleapis.com/oauth2/v3/token [none]
[debug] [2023-10-01T05:43:13.283Z] >>> [apiv2][body] POST https://www.googleapis.com/oauth2/v3/token [omitted]
[debug] [2023-10-01T05:43:13.964Z] <<< [apiv2][status] POST https://www.googleapis.com/oauth2/v3/token 400
[debug] [2023-10-01T05:43:13.964Z] <<< [apiv2][body] POST https://www.googleapis.com/oauth2/v3/token [omitted]
[debug] [2023-10-01T05:43:13.966Z] >>> [apiv2][query] GET https://firebase.googleapis.com/v1beta1/projects pageSize=100
[debug] [2023-10-01T05:43:14.573Z] <<< [apiv2][status] GET https://firebase.googleapis.com/v1beta1/projects 401
[debug] [2023-10-01T05:43:14.574Z] <<< [apiv2][body] GET https://firebase.googleapis.com/v1beta1/projects [omitted]
[debug] [2023-10-01T05:43:14.575Z] HTTP Error: 401, Request had invalid authentication credentials. Expected OAuth 2 access token, login cookie or other valid authentication credential. See https://developers.google.com/identity/sign-in/web/devconsole-project.
[debug] [2023-10-01T05:43:14.869Z] FirebaseError: HTTP Error: 401, Request had invalid authentication credentials. Expected OAuth 2 access token, login cookie or other valid authentication credential. See https://developers.google.com/identity/sign-in/web/devconsole-project.
    at responseToError (C:\Users\Computer Solution\AppData\Roaming\npm\node_modules\firebase-tools\lib\responseToError.js:49:12)
    at RetryOperation._fn (C:\Users\Computer Solution\AppData\Roaming\npm\node_modules\firebase-tools\lib\apiv2.js:285:77)
    at processTicksAndRejections (node:internal/process/task_queues:96:5)
[error] 
[error] Error: Failed to list Firebase projects. See firebase-debug.log for more info.
